<?xml version="1.0" encoding="UTF-8"?>
<!-- Generated by org.testng.reporters.JUnitReportReporter -->
<testsuite hostname="DESKTOP-GSR42L0" failures="0" tests="7" name="learnTestNG.GroupsDemo" time="0.183" errors="0" timestamp="2023-01-10T19:33:03 IST" skipped="0">
  <testcase classname="learnTestNG.GroupsDemo" name="testCase1" time="0.121"/>
  <system-out/>
  <testcase classname="learnTestNG.GroupsDemo" name="testCase7" time="0.013"/>
  <system-out/>
  <testcase classname="learnTestNG.GroupsDemo" name="testCase6" time="0.009"/>
  <system-out/>
  <testcase classname="learnTestNG.GroupsDemo" name="testCase5" time="0.009"/>
  <system-out/>
  <testcase classname="learnTestNG.GroupsDemo" name="testCase4" time="0.013"/>
  <system-out/>
  <testcase classname="learnTestNG.GroupsDemo" name="testCase3" time="0.009"/>
  <system-out/>
  <testcase classname="learnTestNG.GroupsDemo" name="testCase2" time="0.009"/>
  <system-out/>
</testsuite> <!-- learnTestNG.GroupsDemo -->
