<?xml version="1.0" encoding="UTF-8"?>
<!-- Generated by org.testng.reporters.JUnitReportReporter -->
<testsuite hostname="DESKTOP-GSR42L0" failures="0" tests="3" name="learnTestNG.DataProviderDemo" time="90.134" errors="0" timestamp="2023-01-10T19:21:48 IST" skipped="0">
  <testcase classname="learnTestNG.DataProviderDemo" name="flipkartSearch" time="29.059"/>
  <system-out/>
  <testcase classname="learnTestNG.DataProviderDemo" name="flipkartSearch" time="28.985"/>
  <system-out/>
  <testcase classname="learnTestNG.DataProviderDemo" name="flipkartSearch" time="32.090"/>
  <system-out/>
</testsuite> <!-- learnTestNG.DataProviderDemo -->
