<?xml version="1.0" encoding="UTF-8"?>
<!-- Generated by org.testng.reporters.JUnitReportReporter -->
<testsuite hostname="DESKTOP-GSR42L0" failures="0" tests="3" name="learnTestNG.AnnotationHRM" time="10.776" errors="0" timestamp="2023-01-10T19:21:48 IST" skipped="0">
  <testcase classname="learnTestNG.AnnotationHRM" name="testPIM" time="5.510"/>
  <system-out/>
  <testcase classname="learnTestNG.AnnotationHRM" name="pIMReport" time="2.629"/>
  <system-out/>
  <testcase classname="learnTestNG.AnnotationHRM" name="addEmployee" time="2.637"/>
  <system-out/>
</testsuite> <!-- learnTestNG.AnnotationHRM -->
