<?xml version="1.0" encoding="UTF-8"?>
<!-- Generated by org.testng.reporters.JUnitReportReporter -->
<testsuite hostname="DESKTOP-GSR42L0" failures="0" tests="3" name="learnTestNG.DataProviderDemo" time="0.000" errors="0" timestamp="2023-01-18T20:39:44 IST" skipped="3">
  <testcase classname="learnTestNG.DataProviderDemo" name="flipkartSearch" time="0.000">
    <skipped/>
  </testcase> <!-- flipkartSearch -->
  <system-out/>
  <testcase classname="learnTestNG.DataProviderDemo" name="flipkartSearch" time="0.000">
    <skipped/>
  </testcase> <!-- flipkartSearch -->
  <system-out/>
  <testcase classname="learnTestNG.DataProviderDemo" name="flipkartSearch" time="0.000">
    <skipped/>
  </testcase> <!-- flipkartSearch -->
  <system-out/>
</testsuite> <!-- learnTestNG.DataProviderDemo -->
