<?xml version="1.0" encoding="UTF-8"?>
<!-- Generated by org.testng.reporters.JUnitReportReporter -->
<testsuite hostname="DESKTOP-GSR42L0" failures="0" tests="3" name="learnTestNG.DataProviderOHM" time="0.000" errors="0" timestamp="2023-01-18T20:39:44 IST" skipped="3">
  <testcase classname="learnTestNG.DataProviderOHM" name="Log_in" time="0.000">
    <skipped/>
  </testcase> <!-- Log_in -->
  <system-out/>
  <testcase classname="learnTestNG.DataProviderOHM" name="Log_in" time="0.000">
    <skipped/>
  </testcase> <!-- Log_in -->
  <system-out/>
  <testcase classname="learnTestNG.DataProviderOHM" name="Log_in" time="0.000">
    <skipped/>
  </testcase> <!-- Log_in -->
  <system-out/>
</testsuite> <!-- learnTestNG.DataProviderOHM -->
