<?xml version="1.0" encoding="UTF-8"?>
<!-- Generated by org.testng.reporters.JUnitReportReporter -->
<testsuite hostname="DESKTOP-GSR42L0" failures="0" tests="7" name="learnTestNG.GroupsDemo" time="0.000" errors="0" timestamp="2023-01-18T20:39:44 IST" skipped="7">
  <testcase classname="learnTestNG.GroupsDemo" name="testCase2" time="0.000">
    <skipped/>
  </testcase> <!-- testCase2 -->
  <system-out/>
  <testcase classname="learnTestNG.GroupsDemo" name="testCase3" time="0.000">
    <skipped/>
  </testcase> <!-- testCase3 -->
  <system-out/>
  <testcase classname="learnTestNG.GroupsDemo" name="testCase6" time="0.000">
    <skipped/>
  </testcase> <!-- testCase6 -->
  <system-out/>
  <testcase classname="learnTestNG.GroupsDemo" name="testCase5" time="0.000">
    <skipped/>
  </testcase> <!-- testCase5 -->
  <system-out/>
  <testcase classname="learnTestNG.GroupsDemo" name="testCase4" time="0.000">
    <skipped/>
  </testcase> <!-- testCase4 -->
  <system-out/>
  <testcase classname="learnTestNG.GroupsDemo" name="testCase7" time="0.000">
    <skipped/>
  </testcase> <!-- testCase7 -->
  <system-out/>
  <testcase classname="learnTestNG.GroupsDemo" name="testCase1" time="0.000">
    <skipped/>
  </testcase> <!-- testCase1 -->
  <system-out/>
</testsuite> <!-- learnTestNG.GroupsDemo -->
